2020.04.15 - 17:14:51.283 [INFO] com.folva.moderneastculture.model.Repository - Database connection is successful.
2020.04.15 - 17:14:53.542 [INFO] com.folva.moderneastculture.model.Repository - Database was successfully disconnected.
2020.04.15 - 21:17:25.952 [INFO] com.folva.moderneastculture.model.Repository - Database connection is successful.
2020.04.15 - 21:17:32.834 [INFO] com.folva.moderneastculture.model.Repository - Database was successfully disconnected.
2020.04.15 - 21:18:02.943 [INFO] com.folva.moderneastculture.model.Repository - Database connection is successful.
2020.04.15 - 21:18:07.466 [INFO] com.folva.moderneastculture.model.Repository - Database was successfully disconnected.
2020.04.15 - 21:31:34.122 [INFO] com.folva.moderneastculture.model.Repository - Database connection is successful.
2020.04.15 - 21:32:27.171 [INFO] com.folva.moderneastculture.model.Repository - Database was successfully disconnected.
2020.04.16 - 08:59:50.157 [INFO] com.folva.moderneastculture.model.Repository - Database connection is successful.
2020.04.16 - 08:59:50.456 [ERROR] com.folva.moderneastculture.Main - Error while loading login window
javafx.fxml.LoadException: 
/D:/_MyFolder/projects/Java/DifferentStuff/ModernEastCulture/out/production/ModernEastCulture/com/folva/moderneastculture/view/LoginForm.fxml:14

	at javafx.fxml.FXMLLoader.constructLoadException(FXMLLoader.java:2601) ~[jfxrt.jar:?]
	at javafx.fxml.FXMLLoader.loadImpl(FXMLLoader.java:2579) ~[jfxrt.jar:?]
	at javafx.fxml.FXMLLoader.loadImpl(FXMLLoader.java:2441) ~[jfxrt.jar:?]
	at javafx.fxml.FXMLLoader.loadImpl(FXMLLoader.java:3214) ~[jfxrt.jar:?]
	at javafx.fxml.FXMLLoader.loadImpl(FXMLLoader.java:3175) ~[jfxrt.jar:?]
	at javafx.fxml.FXMLLoader.loadImpl(FXMLLoader.java:3148) ~[jfxrt.jar:?]
	at javafx.fxml.FXMLLoader.loadImpl(FXMLLoader.java:3124) ~[jfxrt.jar:?]
	at javafx.fxml.FXMLLoader.loadImpl(FXMLLoader.java:3104) ~[jfxrt.jar:?]
	at javafx.fxml.FXMLLoader.load(FXMLLoader.java:3097) ~[jfxrt.jar:?]
	at com.folva.moderneastculture.Main.runLoginForm(Main.java:42) ~[ModernEastCulture/:?]
	at com.folva.moderneastculture.Main.start(Main.java:31) ~[ModernEastCulture/:?]
	at com.sun.javafx.application.LauncherImpl.lambda$launchApplication1$8(LauncherImpl.java:863) ~[jfxrt.jar:?]
	at com.sun.javafx.application.PlatformImpl.lambda$runAndWait$7(PlatformImpl.java:326) ~[jfxrt.jar:?]
	at com.sun.javafx.application.PlatformImpl.lambda$null$5(PlatformImpl.java:295) ~[jfxrt.jar:?]
	at java.security.AccessController.doPrivileged(Native Method) ~[?:1.8.0_221]
	at com.sun.javafx.application.PlatformImpl.lambda$runLater$6(PlatformImpl.java:294) ~[jfxrt.jar:?]
	at com.sun.glass.ui.InvokeLaterDispatcher$Future.run(InvokeLaterDispatcher.java:95) ~[jfxrt.jar:?]
	at com.sun.glass.ui.win.WinApplication._runLoop(Native Method) ~[jfxrt.jar:?]
	at com.sun.glass.ui.win.WinApplication.lambda$null$3(WinApplication.java:177) ~[jfxrt.jar:?]
	at java.lang.Thread.run(Thread.java:748) [?:1.8.0_221]
Caused by: java.lang.NumberFormatException: empty String
	at sun.misc.FloatingDecimal.readJavaFormatString(FloatingDecimal.java:1842) ~[?:1.8.0_221]
	at sun.misc.FloatingDecimal.parseDouble(FloatingDecimal.java:110) ~[?:1.8.0_221]
	at java.lang.Double.parseDouble(Double.java:538) ~[?:1.8.0_221]
	at java.lang.Double.valueOf(Double.java:502) ~[?:1.8.0_221]
	at com.sun.javafx.fxml.BeanAdapter.coerce(BeanAdapter.java:450) ~[jfxrt.jar:?]
	at com.sun.javafx.fxml.BeanAdapter.put(BeanAdapter.java:258) ~[jfxrt.jar:?]
	at com.sun.javafx.fxml.BeanAdapter.put(BeanAdapter.java:54) ~[jfxrt.jar:?]
	at javafx.fxml.FXMLLoader$Element.applyProperty(FXMLLoader.java:512) ~[jfxrt.jar:?]
	at javafx.fxml.FXMLLoader$Element.processValue(FXMLLoader.java:363) ~[jfxrt.jar:?]
	at javafx.fxml.FXMLLoader$Element.processPropertyAttribute(FXMLLoader.java:325) ~[jfxrt.jar:?]
	at javafx.fxml.FXMLLoader$Element.processInstancePropertyAttributes(FXMLLoader.java:235) ~[jfxrt.jar:?]
	at javafx.fxml.FXMLLoader$ValueElement.processEndElement(FXMLLoader.java:767) ~[jfxrt.jar:?]
	at javafx.fxml.FXMLLoader.processEndElement(FXMLLoader.java:2823) ~[jfxrt.jar:?]
	at javafx.fxml.FXMLLoader.loadImpl(FXMLLoader.java:2532) ~[jfxrt.jar:?]
	... 18 more
2020.04.16 - 09:00:12.790 [INFO] com.folva.moderneastculture.model.Repository - Database connection is successful.
2020.04.16 - 09:00:19.776 [INFO] com.folva.moderneastculture.model.Repository - Database was successfully disconnected.
2020.04.16 - 09:02:34.815 [INFO] com.folva.moderneastculture.model.Repository - Database connection is successful.
2020.04.16 - 09:02:39.849 [INFO] com.folva.moderneastculture.model.Repository - Database was successfully disconnected.
2020.04.16 - 09:09:48.185 [INFO] com.folva.moderneastculture.model.Repository - Database connection is successful.
2020.04.16 - 09:10:01.943 [INFO] com.folva.moderneastculture.model.Repository - Database was successfully disconnected.
2020.04.16 - 09:18:46.099 [INFO] com.folva.moderneastculture.model.Repository - Database connection is successful.
2020.04.16 - 09:18:54.593 [INFO] com.folva.moderneastculture.model.Repository - Database was successfully disconnected.
2020.04.16 - 09:19:07.741 [INFO] com.folva.moderneastculture.model.Repository - Database connection is successful.
2020.04.16 - 09:19:09.467 [INFO] com.folva.moderneastculture.model.Repository - Database was successfully disconnected.
2020.04.16 - 09:19:27.890 [INFO] com.folva.moderneastculture.model.Repository - Database connection is successful.
2020.04.16 - 09:19:39.803 [INFO] com.folva.moderneastculture.model.Repository - Database was successfully disconnected.
2020.04.16 - 09:20:45.407 [INFO] com.folva.moderneastculture.model.Repository - Database connection is successful.
2020.04.16 - 09:20:48.808 [INFO] com.folva.moderneastculture.model.Repository - Database was successfully disconnected.
2020.04.16 - 09:22:00.123 [INFO] com.folva.moderneastculture.model.Repository - Database connection is successful.
2020.04.16 - 09:22:01.995 [INFO] com.folva.moderneastculture.model.Repository - Database was successfully disconnected.
2020.04.16 - 09:22:30.888 [INFO] com.folva.moderneastculture.model.Repository - Database connection is successful.
2020.04.16 - 09:22:52.798 [INFO] com.folva.moderneastculture.model.Repository - Database was successfully disconnected.
2020.04.16 - 09:23:01.581 [INFO] com.folva.moderneastculture.model.Repository - Database connection is successful.
2020.04.16 - 09:23:05.928 [INFO] com.folva.moderneastculture.model.Repository - Database was successfully disconnected.
2020.04.16 - 09:23:25.012 [INFO] com.folva.moderneastculture.model.Repository - Database connection is successful.
2020.04.16 - 09:23:28.734 [INFO] com.folva.moderneastculture.model.Repository - Database was successfully disconnected.
2020.04.16 - 09:23:37.189 [INFO] com.folva.moderneastculture.model.Repository - Database connection is successful.
2020.04.16 - 09:23:44.227 [INFO] com.folva.moderneastculture.model.Repository - Database was successfully disconnected.
2020.04.16 - 09:24:54.324 [INFO] com.folva.moderneastculture.model.Repository - Database connection is successful.
2020.04.16 - 09:24:56.772 [INFO] com.folva.moderneastculture.model.Repository - Database was successfully disconnected.
2020.04.16 - 09:25:33.932 [INFO] com.folva.moderneastculture.model.Repository - Database connection is successful.
2020.04.16 - 09:25:40.192 [INFO] com.folva.moderneastculture.model.Repository - Database was successfully disconnected.
2020.04.16 - 09:28:16.419 [INFO] com.folva.moderneastculture.model.Repository - Database connection is successful.
2020.04.16 - 09:28:22.383 [INFO] com.folva.moderneastculture.model.Repository - Database was successfully disconnected.
2020.04.16 - 09:31:34.872 [INFO] com.folva.moderneastculture.model.Repository - Database connection is successful.
2020.04.16 - 09:31:38.536 [INFO] com.folva.moderneastculture.model.Repository - Database was successfully disconnected.
2020.04.16 - 09:33:39.691 [INFO] com.folva.moderneastculture.model.Repository - Database connection is successful.
2020.04.16 - 09:33:49.358 [INFO] com.folva.moderneastculture.model.Repository - Database was successfully disconnected.
2020.04.16 - 09:33:59.469 [INFO] com.folva.moderneastculture.model.Repository - Database connection is successful.
2020.04.16 - 09:34:06.335 [INFO] com.folva.moderneastculture.model.Repository - Database was successfully disconnected.
2020.04.16 - 09:50:10.536 [INFO] com.folva.moderneastculture.model.Repository - Database connection is successful.
2020.04.16 - 09:50:33.993 [INFO] com.folva.moderneastculture.model.Repository - Database connection is successful.
2020.04.16 - 09:57:48.902 [INFO] com.folva.moderneastculture.model.Repository - Database was successfully disconnected.
2020.04.16 - 12:06:25.533 [INFO] com.folva.moderneastculture.model.Repository - Database connection is successful.
2020.04.16 - 12:06:29.982 [INFO] com.folva.moderneastculture.model.Repository - Database was successfully disconnected.
2020.04.16 - 12:06:47.629 [INFO] com.folva.moderneastculture.model.Repository - Database connection is successful.
2020.04.16 - 12:07:24.731 [INFO] com.folva.moderneastculture.model.Repository - Database was successfully disconnected.
2020.04.16 - 16:59:56.811 [INFO] com.folva.moderneastculture.model.Repository - Database was successfully disconnected.
2020.04.16 - 17:01:17.789 [INFO] com.folva.moderneastculture.model.Repository - Database was successfully disconnected.
2020.04.16 - 17:01:40.475 [INFO] com.folva.moderneastculture.model.Repository - Database was successfully disconnected.
2020.04.16 - 17:01:50.027 [INFO] com.folva.moderneastculture.model.Repository - Database was successfully disconnected.
2020.04.16 - 17:02:24.711 [INFO] com.folva.moderneastculture.model.Repository - Database was successfully disconnected.
2020.04.16 - 17:02:33.697 [INFO] com.folva.moderneastculture.model.Repository - Database was successfully disconnected.
2020.04.16 - 17:05:19.781 [INFO] com.folva.moderneastculture.model.Repository - Database was successfully disconnected.
2020.04.16 - 17:05:29.566 [INFO] com.folva.moderneastculture.model.Repository - Database was successfully disconnected.
2020.04.16 - 17:06:23.560 [INFO] com.folva.moderneastculture.model.Repository - Database was successfully disconnected.
2020.04.16 - 17:07:26.984 [INFO] com.folva.moderneastculture.model.Repository - Database was successfully disconnected.
2020.04.16 - 17:10:27.308 [INFO] com.folva.moderneastculture.model.Repository - Database was successfully disconnected.
2020.04.16 - 17:11:13.422 [INFO] com.folva.moderneastculture.model.Repository - Database was successfully disconnected.
2020.04.16 - 17:14:08.885 [INFO] com.folva.moderneastculture.model.Repository - Database was successfully disconnected.
2020.04.16 - 17:24:31.546 [INFO] com.folva.moderneastculture.model.Repository - Database was successfully disconnected.
2020.04.16 - 17:25:11.173 [INFO] com.folva.moderneastculture.model.Repository - Database was successfully disconnected.
2020.04.16 - 17:25:42.012 [INFO] com.folva.moderneastculture.model.Repository - Database was successfully disconnected.
2020.04.16 - 17:25:54.824 [INFO] com.folva.moderneastculture.model.Repository - Database was successfully disconnected.
2020.04.16 - 17:40:26.041 [ERROR] com.folva.moderneastculture.model.Repository - Database connection was refused: 
java.sql.SQLException: path to 'res/modern_east_culture.db3': 'D:\_MyFolder\projects\Java\DifferentStuff\ModernEastCulture\res\res' does not exist
	at org.sqlite.SQLiteConnection.open(SQLiteConnection.java:215) ~[sqlite-jdbc-3.30.1.jar:?]
	at org.sqlite.SQLiteConnection.<init>(SQLiteConnection.java:61) ~[sqlite-jdbc-3.30.1.jar:?]
	at org.sqlite.jdbc3.JDBC3Connection.<init>(JDBC3Connection.java:28) ~[sqlite-jdbc-3.30.1.jar:?]
	at org.sqlite.jdbc4.JDBC4Connection.<init>(JDBC4Connection.java:21) ~[sqlite-jdbc-3.30.1.jar:?]
	at org.sqlite.JDBC.createConnection(JDBC.java:115) ~[sqlite-jdbc-3.30.1.jar:?]
	at org.sqlite.JDBC.connect(JDBC.java:90) ~[sqlite-jdbc-3.30.1.jar:?]
	at java.sql.DriverManager.getConnection(DriverManager.java:664) ~[?:1.8.0_221]
	at java.sql.DriverManager.getConnection(DriverManager.java:270) ~[?:1.8.0_221]
	at com.folva.moderneastculture.model.Repository.connectToDatabase(Repository.java:47) ~[ModernEastCulture/:?]
	at com.folva.moderneastculture.Main.start(Main.java:33) ~[ModernEastCulture/:?]
	at com.sun.javafx.application.LauncherImpl.lambda$launchApplication1$8(LauncherImpl.java:863) ~[jfxrt.jar:?]
	at com.sun.javafx.application.PlatformImpl.lambda$runAndWait$7(PlatformImpl.java:326) ~[jfxrt.jar:?]
	at com.sun.javafx.application.PlatformImpl.lambda$null$5(PlatformImpl.java:295) ~[jfxrt.jar:?]
	at java.security.AccessController.doPrivileged(Native Method) ~[?:1.8.0_221]
	at com.sun.javafx.application.PlatformImpl.lambda$runLater$6(PlatformImpl.java:294) ~[jfxrt.jar:?]
	at com.sun.glass.ui.InvokeLaterDispatcher$Future.run(InvokeLaterDispatcher.java:95) ~[jfxrt.jar:?]
	at com.sun.glass.ui.win.WinApplication._runLoop(Native Method) ~[jfxrt.jar:?]
	at com.sun.glass.ui.win.WinApplication.lambda$null$3(WinApplication.java:177) ~[jfxrt.jar:?]
	at java.lang.Thread.run(Thread.java:748) [?:1.8.0_221]
2020.04.16 - 17:40:26.460 [ERROR] com.folva.moderneastculture.Main - Error while loading login window
javafx.fxml.LoadException: 
/D:/_MyFolder/projects/Java/DifferentStuff/ModernEastCulture/out/production/ModernEastCulture/com/folva/moderneastculture/view/LoginForm.fxml

	at javafx.fxml.FXMLLoader.constructLoadException(FXMLLoader.java:2601) ~[jfxrt.jar:?]
	at javafx.fxml.FXMLLoader.loadImpl(FXMLLoader.java:2579) ~[jfxrt.jar:?]
	at javafx.fxml.FXMLLoader.loadImpl(FXMLLoader.java:2441) ~[jfxrt.jar:?]
	at javafx.fxml.FXMLLoader.loadImpl(FXMLLoader.java:3214) ~[jfxrt.jar:?]
	at javafx.fxml.FXMLLoader.loadImpl(FXMLLoader.java:3175) ~[jfxrt.jar:?]
	at javafx.fxml.FXMLLoader.loadImpl(FXMLLoader.java:3148) ~[jfxrt.jar:?]
	at javafx.fxml.FXMLLoader.loadImpl(FXMLLoader.java:3124) ~[jfxrt.jar:?]
	at javafx.fxml.FXMLLoader.loadImpl(FXMLLoader.java:3104) ~[jfxrt.jar:?]
	at javafx.fxml.FXMLLoader.load(FXMLLoader.java:3097) ~[jfxrt.jar:?]
	at com.folva.moderneastculture.Main.runLoginForm(Main.java:69) ~[ModernEastCulture/:?]
	at com.folva.moderneastculture.Main.start(Main.java:35) ~[ModernEastCulture/:?]
	at com.sun.javafx.application.LauncherImpl.lambda$launchApplication1$8(LauncherImpl.java:863) ~[jfxrt.jar:?]
	at com.sun.javafx.application.PlatformImpl.lambda$runAndWait$7(PlatformImpl.java:326) ~[jfxrt.jar:?]
	at com.sun.javafx.application.PlatformImpl.lambda$null$5(PlatformImpl.java:295) ~[jfxrt.jar:?]
	at java.security.AccessController.doPrivileged(Native Method) ~[?:1.8.0_221]
	at com.sun.javafx.application.PlatformImpl.lambda$runLater$6(PlatformImpl.java:294) ~[jfxrt.jar:?]
	at com.sun.glass.ui.InvokeLaterDispatcher$Future.run(InvokeLaterDispatcher.java:95) ~[jfxrt.jar:?]
	at com.sun.glass.ui.win.WinApplication._runLoop(Native Method) ~[jfxrt.jar:?]
	at com.sun.glass.ui.win.WinApplication.lambda$null$3(WinApplication.java:177) ~[jfxrt.jar:?]
	at java.lang.Thread.run(Thread.java:748) [?:1.8.0_221]
Caused by: java.lang.NullPointerException
	at com.folva.moderneastculture.controller.LoginController.initialize(LoginController.java:54) ~[ModernEastCulture/:?]
	at javafx.fxml.FXMLLoader.loadImpl(FXMLLoader.java:2548) ~[jfxrt.jar:?]
	... 18 more
2020.04.16 - 17:40:58.876 [INFO] com.folva.moderneastculture.model.Repository - Database connection is successful.
2020.04.16 - 17:40:59.140 [ERROR] com.folva.moderneastculture.Main - Error while loading login window
javafx.fxml.LoadException: 
/D:/_MyFolder/projects/Java/DifferentStuff/ModernEastCulture/out/production/ModernEastCulture/com/folva/moderneastculture/view/LoginForm.fxml

	at javafx.fxml.FXMLLoader.constructLoadException(FXMLLoader.java:2601) ~[jfxrt.jar:?]
	at javafx.fxml.FXMLLoader.loadImpl(FXMLLoader.java:2579) ~[jfxrt.jar:?]
	at javafx.fxml.FXMLLoader.loadImpl(FXMLLoader.java:2441) ~[jfxrt.jar:?]
	at javafx.fxml.FXMLLoader.loadImpl(FXMLLoader.java:3214) ~[jfxrt.jar:?]
	at javafx.fxml.FXMLLoader.loadImpl(FXMLLoader.java:3175) ~[jfxrt.jar:?]
	at javafx.fxml.FXMLLoader.loadImpl(FXMLLoader.java:3148) ~[jfxrt.jar:?]
	at javafx.fxml.FXMLLoader.loadImpl(FXMLLoader.java:3124) ~[jfxrt.jar:?]
	at javafx.fxml.FXMLLoader.loadImpl(FXMLLoader.java:3104) ~[jfxrt.jar:?]
	at javafx.fxml.FXMLLoader.load(FXMLLoader.java:3097) ~[jfxrt.jar:?]
	at com.folva.moderneastculture.Main.runLoginForm(Main.java:69) ~[ModernEastCulture/:?]
	at com.folva.moderneastculture.Main.start(Main.java:35) ~[ModernEastCulture/:?]
	at com.sun.javafx.application.LauncherImpl.lambda$launchApplication1$8(LauncherImpl.java:863) ~[jfxrt.jar:?]
	at com.sun.javafx.application.PlatformImpl.lambda$runAndWait$7(PlatformImpl.java:326) ~[jfxrt.jar:?]
	at com.sun.javafx.application.PlatformImpl.lambda$null$5(PlatformImpl.java:295) ~[jfxrt.jar:?]
	at java.security.AccessController.doPrivileged(Native Method) ~[?:1.8.0_221]
	at com.sun.javafx.application.PlatformImpl.lambda$runLater$6(PlatformImpl.java:294) ~[jfxrt.jar:?]
	at com.sun.glass.ui.InvokeLaterDispatcher$Future.run(InvokeLaterDispatcher.java:95) ~[jfxrt.jar:?]
	at com.sun.glass.ui.win.WinApplication._runLoop(Native Method) ~[jfxrt.jar:?]
	at com.sun.glass.ui.win.WinApplication.lambda$null$3(WinApplication.java:177) ~[jfxrt.jar:?]
	at java.lang.Thread.run(Thread.java:748) [?:1.8.0_221]
Caused by: java.lang.NullPointerException
	at com.folva.moderneastculture.controller.LoginController.initialize(LoginController.java:54) ~[ModernEastCulture/:?]
	at javafx.fxml.FXMLLoader.loadImpl(FXMLLoader.java:2548) ~[jfxrt.jar:?]
	... 18 more
2020.04.16 - 17:43:04.890 [INFO] com.folva.moderneastculture.model.Repository - Database connection is successful.
2020.04.16 - 17:43:18.878 [INFO] com.folva.moderneastculture.model.Repository - Database was successfully disconnected.
2020.04.16 - 17:43:34.332 [INFO] com.folva.moderneastculture.model.Repository - Database connection is successful.
2020.04.16 - 17:43:36.720 [INFO] com.folva.moderneastculture.model.Repository - Database was successfully disconnected.
2020.04.16 - 17:45:19.076 [INFO] com.folva.moderneastculture.model.Repository - Database connection is successful.
2020.04.16 - 17:45:21.353 [INFO] com.folva.moderneastculture.model.Repository - Database was successfully disconnected.
2020.04.16 - 17:45:47.443 [INFO] com.folva.moderneastculture.model.Repository - Database connection is successful.
2020.04.16 - 17:45:49.819 [INFO] com.folva.moderneastculture.model.Repository - Database was successfully disconnected.
2020.04.16 - 17:50:01.501 [INFO] com.folva.moderneastculture.model.Repository - Database connection is successful.
2020.04.16 - 17:50:06.286 [INFO] com.folva.moderneastculture.model.Repository - Database was successfully disconnected.
2020.04.16 - 17:53:48.154 [INFO] com.folva.moderneastculture.model.Repository - Database connection is successful.
2020.04.16 - 17:53:52.429 [INFO] com.folva.moderneastculture.model.Repository - Database was successfully disconnected.
2020.04.16 - 19:30:48.568 [INFO] com.folva.moderneastculture.model.Repository - Database connection is successful.
2020.04.16 - 19:30:57.375 [INFO] com.folva.moderneastculture.model.Repository - Database was successfully disconnected.
2020.04.16 - 19:31:07.471 [INFO] com.folva.moderneastculture.model.Repository - Database connection is successful.
2020.04.16 - 19:31:34.828 [INFO] com.folva.moderneastculture.model.Repository - Database was successfully disconnected.
2020.04.16 - 19:31:41.729 [INFO] com.folva.moderneastculture.model.Repository - Database connection is successful.
2020.04.16 - 19:31:53.948 [INFO] com.folva.moderneastculture.model.Repository - Database was successfully disconnected.
2020.04.16 - 20:30:25.285 [INFO] com.folva.moderneastculture.model.Repository - Database connection is successful.
2020.04.16 - 20:31:24.854 [INFO] com.folva.moderneastculture.model.Repository - Database was successfully disconnected.
2020.04.16 - 20:31:51.623 [INFO] com.folva.moderneastculture.model.Repository - Database connection is successful.
2020.04.16 - 20:31:53.507 [INFO] com.folva.moderneastculture.model.Repository - Database was successfully disconnected.
2020.04.16 - 20:34:36.350 [INFO] com.folva.moderneastculture.model.Repository - Database connection is successful.
2020.04.16 - 20:34:40.761 [INFO] com.folva.moderneastculture.model.Repository - Database was successfully disconnected.
2020.04.16 - 20:38:44.202 [INFO] com.folva.moderneastculture.model.Repository - Database connection is successful.
2020.04.16 - 20:42:43.788 [INFO] com.folva.moderneastculture.model.Repository - Database was successfully disconnected.
2020.04.17 - 08:49:55.374 [INFO] com.folva.moderneastculture.model.Repository - Database connection is successful.
2020.04.17 - 08:50:18.247 [INFO] com.folva.moderneastculture.model.Repository - Database was successfully disconnected.
2020.04.17 - 08:55:01.377 [INFO] com.folva.moderneastculture.model.Repository - Database connection is successful.
2020.04.17 - 08:55:18.819 [INFO] com.folva.moderneastculture.model.Repository - Database was successfully disconnected.
2020.04.17 - 08:55:49.173 [INFO] com.folva.moderneastculture.model.Repository - Database connection is successful.
2020.04.17 - 08:56:02.757 [INFO] com.folva.moderneastculture.model.Repository - Database was successfully disconnected.
2020.04.17 - 08:57:10.016 [INFO] com.folva.moderneastculture.model.Repository - Database connection is successful.
2020.04.17 - 08:57:26.743 [INFO] com.folva.moderneastculture.model.Repository - Database was successfully disconnected.
2020.04.17 - 09:00:45.668 [INFO] com.folva.moderneastculture.model.Repository - Database connection is successful.
2020.04.17 - 09:00:56.755 [ERROR] com.folva.moderneastculture.Main - Error while opening SettingsForm: 
javafx.fxml.LoadException: Image is not a valid type.
/D:/_MyFolder/projects/Java/DifferentStuff/ModernEastCulture/out/production/ModernEastCulture/com/folva/moderneastculture/view/SettingsForm.fxml:10

	at javafx.fxml.FXMLLoader.constructLoadException(FXMLLoader.java:2597) ~[jfxrt.jar:?]
	at javafx.fxml.FXMLLoader.createElement(FXMLLoader.java:2774) ~[jfxrt.jar:?]
	at javafx.fxml.FXMLLoader.processStartElement(FXMLLoader.java:2704) ~[jfxrt.jar:?]
	at javafx.fxml.FXMLLoader.loadImpl(FXMLLoader.java:2527) ~[jfxrt.jar:?]
	at javafx.fxml.FXMLLoader.loadImpl(FXMLLoader.java:2441) ~[jfxrt.jar:?]
	at javafx.fxml.FXMLLoader.loadImpl(FXMLLoader.java:3214) ~[jfxrt.jar:?]
	at javafx.fxml.FXMLLoader.loadImpl(FXMLLoader.java:3175) ~[jfxrt.jar:?]
	at javafx.fxml.FXMLLoader.loadImpl(FXMLLoader.java:3148) ~[jfxrt.jar:?]
	at javafx.fxml.FXMLLoader.loadImpl(FXMLLoader.java:3124) ~[jfxrt.jar:?]
	at javafx.fxml.FXMLLoader.loadImpl(FXMLLoader.java:3104) ~[jfxrt.jar:?]
	at javafx.fxml.FXMLLoader.load(FXMLLoader.java:3097) ~[jfxrt.jar:?]
	at com.folva.moderneastculture.Main.getForm(Main.java:88) ~[ModernEastCulture/:?]
	at com.folva.moderneastculture.controller.MenuController.adminHasAuthorized(MenuController.java:28) ~[ModernEastCulture/:?]
	at com.folva.moderneastculture.controller.MenuController.lambda$initialize$0(MenuController.java:44) ~[ModernEastCulture/:?]
	at com.sun.javafx.binding.ExpressionHelper$SingleInvalidation.fireValueChangedEvent(ExpressionHelper.java:137) ~[jfxrt.jar:?]
	at com.sun.javafx.binding.ExpressionHelper.fireValueChangedEvent(ExpressionHelper.java:81) ~[jfxrt.jar:?]
	at javafx.beans.property.BooleanPropertyBase.fireValueChangedEvent(BooleanPropertyBase.java:103) ~[jfxrt.jar:?]
	at javafx.beans.property.BooleanPropertyBase.markInvalid(BooleanPropertyBase.java:110) ~[jfxrt.jar:?]
	at javafx.beans.property.BooleanPropertyBase.set(BooleanPropertyBase.java:144) ~[jfxrt.jar:?]
	at com.folva.moderneastculture.controller.LoginController.onBLogInClick(LoginController.java:44) ~[ModernEastCulture/:?]
	at sun.reflect.NativeMethodAccessorImpl.invoke0(Native Method) ~[?:1.8.0_221]
	at sun.reflect.NativeMethodAccessorImpl.invoke(NativeMethodAccessorImpl.java:62) ~[?:1.8.0_221]
	at sun.reflect.DelegatingMethodAccessorImpl.invoke(DelegatingMethodAccessorImpl.java:43) ~[?:1.8.0_221]
	at java.lang.reflect.Method.invoke(Method.java:498) ~[?:1.8.0_221]
	at sun.reflect.misc.Trampoline.invoke(MethodUtil.java:71) ~[?:1.8.0_221]
	at sun.reflect.GeneratedMethodAccessor1.invoke(Unknown Source) ~[?:?]
	at sun.reflect.DelegatingMethodAccessorImpl.invoke(DelegatingMethodAccessorImpl.java:43) ~[?:1.8.0_221]
	at java.lang.reflect.Method.invoke(Method.java:498) ~[?:1.8.0_221]
	at sun.reflect.misc.MethodUtil.invoke(MethodUtil.java:275) ~[?:1.8.0_221]
	at javafx.fxml.FXMLLoader$MethodHandler.invoke(FXMLLoader.java:1771) ~[jfxrt.jar:?]
	at javafx.fxml.FXMLLoader$ControllerMethodEventHandler.handle(FXMLLoader.java:1657) ~[jfxrt.jar:?]
	at com.sun.javafx.event.CompositeEventHandler.dispatchBubblingEvent(CompositeEventHandler.java:86) ~[jfxrt.jar:?]
	at com.sun.javafx.event.EventHandlerManager.dispatchBubblingEvent(EventHandlerManager.java:238) ~[jfxrt.jar:?]
	at com.sun.javafx.event.EventHandlerManager.dispatchBubblingEvent(EventHandlerManager.java:191) ~[jfxrt.jar:?]
	at com.sun.javafx.event.CompositeEventDispatcher.dispatchBubblingEvent(CompositeEventDispatcher.java:59) ~[jfxrt.jar:?]
	at com.sun.javafx.event.BasicEventDispatcher.dispatchEvent(BasicEventDispatcher.java:58) ~[jfxrt.jar:?]
	at com.sun.javafx.event.EventDispatchChainImpl.dispatchEvent(EventDispatchChainImpl.java:114) ~[jfxrt.jar:?]
	at com.sun.javafx.event.BasicEventDispatcher.dispatchEvent(BasicEventDispatcher.java:56) ~[jfxrt.jar:?]
	at com.sun.javafx.event.EventDispatchChainImpl.dispatchEvent(EventDispatchChainImpl.java:114) ~[jfxrt.jar:?]
	at com.sun.javafx.event.BasicEventDispatcher.dispatchEvent(BasicEventDispatcher.java:56) ~[jfxrt.jar:?]
	at com.sun.javafx.event.EventDispatchChainImpl.dispatchEvent(EventDispatchChainImpl.java:114) ~[jfxrt.jar:?]
	at com.sun.javafx.event.BasicEventDispatcher.dispatchEvent(BasicEventDispatcher.java:56) ~[jfxrt.jar:?]
	at com.sun.javafx.event.EventDispatchChainImpl.dispatchEvent(EventDispatchChainImpl.java:114) ~[jfxrt.jar:?]
	at com.sun.javafx.event.EventUtil.fireEventImpl(EventUtil.java:74) ~[jfxrt.jar:?]
	at com.sun.javafx.event.EventUtil.fireEvent(EventUtil.java:49) ~[jfxrt.jar:?]
	at javafx.event.Event.fireEvent(Event.java:198) ~[jfxrt.jar:?]
	at javafx.scene.Node.fireEvent(Node.java:8411) ~[jfxrt.jar:?]
	at javafx.scene.control.Button.fire(Button.java:185) ~[jfxrt.jar:?]
	at com.sun.javafx.scene.control.behavior.ButtonBehavior.mouseReleased(ButtonBehavior.java:182) ~[jfxrt.jar:?]
	at com.sun.javafx.scene.control.skin.BehaviorSkinBase$1.handle(BehaviorSkinBase.java:96) ~[jfxrt.jar:?]
	at com.sun.javafx.scene.control.skin.BehaviorSkinBase$1.handle(BehaviorSkinBase.java:89) ~[jfxrt.jar:?]
	at com.sun.javafx.event.CompositeEventHandler$NormalEventHandlerRecord.handleBubblingEvent(CompositeEventHandler.java:218) ~[jfxrt.jar:?]
	at com.sun.javafx.event.CompositeEventHandler.dispatchBubblingEvent(CompositeEventHandler.java:80) ~[jfxrt.jar:?]
	at com.sun.javafx.event.EventHandlerManager.dispatchBubblingEvent(EventHandlerManager.java:238) ~[jfxrt.jar:?]
	at com.sun.javafx.event.EventHandlerManager.dispatchBubblingEvent(EventHandlerManager.java:191) ~[jfxrt.jar:?]
	at com.sun.javafx.event.CompositeEventDispatcher.dispatchBubblingEvent(CompositeEventDispatcher.java:59) ~[jfxrt.jar:?]
	at com.sun.javafx.event.BasicEventDispatcher.dispatchEvent(BasicEventDispatcher.java:58) ~[jfxrt.jar:?]
	at com.sun.javafx.event.EventDispatchChainImpl.dispatchEvent(EventDispatchChainImpl.java:114) ~[jfxrt.jar:?]
	at com.sun.javafx.event.BasicEventDispatcher.dispatchEvent(BasicEventDispatcher.java:56) ~[jfxrt.jar:?]
	at com.sun.javafx.event.EventDispatchChainImpl.dispatchEvent(EventDispatchChainImpl.java:114) ~[jfxrt.jar:?]
	at com.sun.javafx.event.BasicEventDispatcher.dispatchEvent(BasicEventDispatcher.java:56) ~[jfxrt.jar:?]
	at com.sun.javafx.event.EventDispatchChainImpl.dispatchEvent(EventDispatchChainImpl.java:114) ~[jfxrt.jar:?]
	at com.sun.javafx.event.BasicEventDispatcher.dispatchEvent(BasicEventDispatcher.java:56) ~[jfxrt.jar:?]
	at com.sun.javafx.event.EventDispatchChainImpl.dispatchEvent(EventDispatchChainImpl.java:114) ~[jfxrt.jar:?]
	at com.sun.javafx.event.EventUtil.fireEventImpl(EventUtil.java:74) ~[jfxrt.jar:?]
	at com.sun.javafx.event.EventUtil.fireEvent(EventUtil.java:54) ~[jfxrt.jar:?]
	at javafx.event.Event.fireEvent(Event.java:198) ~[jfxrt.jar:?]
	at javafx.scene.Scene$MouseHandler.process(Scene.java:3757) ~[jfxrt.jar:?]
	at javafx.scene.Scene$MouseHandler.access$1500(Scene.java:3485) ~[jfxrt.jar:?]
	at javafx.scene.Scene.impl_processMouseEvent(Scene.java:1762) ~[jfxrt.jar:?]
	at javafx.scene.Scene$ScenePeerListener.mouseEvent(Scene.java:2494) ~[jfxrt.jar:?]
	at com.sun.javafx.tk.quantum.GlassViewEventHandler$MouseEventNotification.run(GlassViewEventHandler.java:394) ~[jfxrt.jar:?]
	at com.sun.javafx.tk.quantum.GlassViewEventHandler$MouseEventNotification.run(GlassViewEventHandler.java:295) ~[jfxrt.jar:?]
	at java.security.AccessController.doPrivileged(Native Method) ~[?:1.8.0_221]
	at com.sun.javafx.tk.quantum.GlassViewEventHandler.lambda$handleMouseEvent$2(GlassViewEventHandler.java:432) ~[jfxrt.jar:?]
	at com.sun.javafx.tk.quantum.QuantumToolkit.runWithoutRenderLock(QuantumToolkit.java:410) ~[jfxrt.jar:?]
	at com.sun.javafx.tk.quantum.GlassViewEventHandler.handleMouseEvent(GlassViewEventHandler.java:431) ~[jfxrt.jar:?]
	at com.sun.glass.ui.View.handleMouseEvent(View.java:555) ~[jfxrt.jar:?]
	at com.sun.glass.ui.View.notifyMouse(View.java:937) ~[jfxrt.jar:?]
	at com.sun.glass.ui.win.WinApplication._runLoop(Native Method) ~[jfxrt.jar:?]
	at com.sun.glass.ui.win.WinApplication.lambda$null$3(WinApplication.java:177) ~[jfxrt.jar:?]
	at java.lang.Thread.run(Thread.java:748) [?:1.8.0_221]
2020.04.17 - 09:01:31.785 [INFO] com.folva.moderneastculture.model.Repository - Database connection is successful.
2020.04.17 - 09:02:12.342 [INFO] com.folva.moderneastculture.model.Repository - Database was successfully disconnected.
2020.04.17 - 09:03:41.142 [INFO] com.folva.moderneastculture.model.Repository - Database connection is successful.
2020.04.17 - 09:03:52.800 [INFO] com.folva.moderneastculture.model.Repository - Database was successfully disconnected.
2020.04.17 - 09:04:20.609 [INFO] com.folva.moderneastculture.model.Repository - Database connection is successful.
2020.04.17 - 09:04:33.380 [INFO] com.folva.moderneastculture.model.Repository - Database was successfully disconnected.
2020.04.17 - 09:12:23.628 [INFO] com.folva.moderneastculture.model.Repository - Database connection is successful.
2020.04.17 - 09:12:26.304 [INFO] com.folva.moderneastculture.model.Repository - Database was successfully disconnected.
2020.04.17 - 09:12:57.159 [INFO] com.folva.moderneastculture.model.Repository - Database connection is successful.
2020.04.17 - 09:13:00.129 [INFO] com.folva.moderneastculture.model.Repository - Database was successfully disconnected.
2020.04.17 - 09:13:12.793 [INFO] com.folva.moderneastculture.model.Repository - Database connection is successful.
2020.04.17 - 09:13:20.359 [INFO] com.folva.moderneastculture.model.Repository - Database was successfully disconnected.
2020.04.17 - 09:13:39.503 [INFO] com.folva.moderneastculture.model.Repository - Database connection is successful.
2020.04.17 - 09:13:45.841 [INFO] com.folva.moderneastculture.model.Repository - Database was successfully disconnected.
2020.04.17 - 09:13:52.168 [INFO] com.folva.moderneastculture.model.Repository - Database connection is successful.
2020.04.17 - 09:13:57.418 [INFO] com.folva.moderneastculture.model.Repository - Database was successfully disconnected.
2020.04.17 - 09:17:50.092 [INFO] com.folva.moderneastculture.model.Repository - Database connection is successful.
2020.04.17 - 09:17:54.336 [INFO] com.folva.moderneastculture.model.Repository - Database was successfully disconnected.
2020.04.17 - 09:21:18.121 [INFO] com.folva.moderneastculture.model.Repository - Database connection is successful.
2020.04.17 - 09:21:34.032 [INFO] com.folva.moderneastculture.model.Repository - Database was successfully disconnected.
2020.04.17 - 09:21:55.467 [INFO] com.folva.moderneastculture.model.Repository - Database connection is successful.
2020.04.17 - 09:22:08.063 [INFO] com.folva.moderneastculture.model.Repository - Database was successfully disconnected.
2020.04.17 - 09:22:36.586 [INFO] com.folva.moderneastculture.model.Repository - Database connection is successful.
2020.04.17 - 09:22:52.076 [INFO] com.folva.moderneastculture.model.Repository - Database was successfully disconnected.
2020.04.17 - 09:24:37.394 [INFO] com.folva.moderneastculture.model.Repository - Database connection is successful.
2020.04.17 - 09:24:50.590 [INFO] com.folva.moderneastculture.model.Repository - Database was successfully disconnected.
2020.04.17 - 09:25:30.019 [INFO] com.folva.moderneastculture.model.Repository - Database connection is successful.
2020.04.17 - 09:25:43.655 [INFO] com.folva.moderneastculture.model.Repository - Database was successfully disconnected.
2020.04.17 - 09:26:57.716 [INFO] com.folva.moderneastculture.model.Repository - Database connection is successful.
2020.04.17 - 09:27:04.526 [INFO] com.folva.moderneastculture.model.Repository - Database was successfully disconnected.
2020.04.17 - 09:27:20.854 [INFO] com.folva.moderneastculture.model.Repository - Database connection is successful.
2020.04.17 - 09:27:25.040 [INFO] com.folva.moderneastculture.model.Repository - Database was successfully disconnected.
2020.04.17 - 09:27:40.903 [INFO] com.folva.moderneastculture.model.Repository - Database connection is successful.
2020.04.17 - 09:27:53.444 [INFO] com.folva.moderneastculture.model.Repository - Database was successfully disconnected.
2020.04.17 - 09:28:27.298 [INFO] com.folva.moderneastculture.model.Repository - Database connection is successful.
2020.04.17 - 09:28:37.388 [INFO] com.folva.moderneastculture.model.Repository - Database was successfully disconnected.
2020.04.17 - 09:29:00.590 [INFO] com.folva.moderneastculture.model.Repository - Database connection is successful.
2020.04.17 - 09:29:06.083 [INFO] com.folva.moderneastculture.model.Repository - Database was successfully disconnected.
2020.04.17 - 09:29:16.051 [INFO] com.folva.moderneastculture.model.Repository - Database connection is successful.
2020.04.17 - 09:30:48.488 [INFO] com.folva.moderneastculture.model.Repository - Database connection is successful.
2020.04.17 - 09:31:29.266 [INFO] com.folva.moderneastculture.model.Repository - Database was successfully disconnected.
2020.04.17 - 09:33:19.579 [INFO] com.folva.moderneastculture.model.Repository - Database connection is successful.
2020.04.17 - 09:33:27.500 [INFO] com.folva.moderneastculture.model.Repository - Database was successfully disconnected.
2020.04.17 - 09:35:25.149 [INFO] com.folva.moderneastculture.model.Repository - Database connection is successful.
2020.04.17 - 09:35:29.064 [INFO] com.folva.moderneastculture.model.Repository - Database was successfully disconnected.
2020.04.17 - 10:39:14.866 [INFO] com.folva.moderneastculture.model.Repository - Database connection is successful.
2020.04.17 - 10:50:24.333 [INFO] com.folva.moderneastculture.model.Repository - Database connection is successful.
2020.04.17 - 10:50:26.238 [INFO] com.folva.moderneastculture.controller.MenuController - Admin has logged in!
2020.04.17 - 10:50:26.366 [ERROR] com.folva.moderneastculture.Main - Error while opening SettingsForm: 
javafx.fxml.LoadException: 
/D:/_MyFolder/projects/Java/DifferentStuff/ModernEastCulture/out/production/ModernEastCulture/com/folva/moderneastculture/view/SettingsForm.fxml:24

	at javafx.fxml.FXMLLoader.constructLoadException(FXMLLoader.java:2601) ~[jfxrt.jar:?]
	at javafx.fxml.FXMLLoader.loadImpl(FXMLLoader.java:2579) ~[jfxrt.jar:?]
	at javafx.fxml.FXMLLoader.loadImpl(FXMLLoader.java:2441) ~[jfxrt.jar:?]
	at javafx.fxml.FXMLLoader.loadImpl(FXMLLoader.java:3214) ~[jfxrt.jar:?]
	at javafx.fxml.FXMLLoader.loadImpl(FXMLLoader.java:3175) ~[jfxrt.jar:?]
	at javafx.fxml.FXMLLoader.loadImpl(FXMLLoader.java:3148) ~[jfxrt.jar:?]
	at javafx.fxml.FXMLLoader.loadImpl(FXMLLoader.java:3124) ~[jfxrt.jar:?]
	at javafx.fxml.FXMLLoader.loadImpl(FXMLLoader.java:3104) ~[jfxrt.jar:?]
	at javafx.fxml.FXMLLoader.load(FXMLLoader.java:3097) ~[jfxrt.jar:?]
	at com.folva.moderneastculture.Main.getForm(Main.java:100) ~[ModernEastCulture/:?]
	at com.folva.moderneastculture.controller.MenuController.adminHasAuthorized(MenuController.java:31) ~[ModernEastCulture/:?]
	at com.folva.moderneastculture.controller.MenuController.lambda$initialize$0(MenuController.java:47) ~[ModernEastCulture/:?]
	at com.sun.javafx.binding.ExpressionHelper$SingleInvalidation.fireValueChangedEvent(ExpressionHelper.java:137) ~[jfxrt.jar:?]
	at com.sun.javafx.binding.ExpressionHelper.fireValueChangedEvent(ExpressionHelper.java:81) ~[jfxrt.jar:?]
	at javafx.beans.property.BooleanPropertyBase.fireValueChangedEvent(BooleanPropertyBase.java:103) ~[jfxrt.jar:?]
	at javafx.beans.property.BooleanPropertyBase.markInvalid(BooleanPropertyBase.java:110) ~[jfxrt.jar:?]
	at javafx.beans.property.BooleanPropertyBase.set(BooleanPropertyBase.java:144) ~[jfxrt.jar:?]
	at com.folva.moderneastculture.controller.LoginController.onBLogInClick(LoginController.java:53) ~[ModernEastCulture/:?]
	at sun.reflect.NativeMethodAccessorImpl.invoke0(Native Method) ~[?:1.8.0_221]
	at sun.reflect.NativeMethodAccessorImpl.invoke(NativeMethodAccessorImpl.java:62) ~[?:1.8.0_221]
	at sun.reflect.DelegatingMethodAccessorImpl.invoke(DelegatingMethodAccessorImpl.java:43) ~[?:1.8.0_221]
	at java.lang.reflect.Method.invoke(Method.java:498) ~[?:1.8.0_221]
	at sun.reflect.misc.Trampoline.invoke(MethodUtil.java:71) ~[?:1.8.0_221]
	at sun.reflect.GeneratedMethodAccessor1.invoke(Unknown Source) ~[?:?]
	at sun.reflect.DelegatingMethodAccessorImpl.invoke(DelegatingMethodAccessorImpl.java:43) ~[?:1.8.0_221]
	at java.lang.reflect.Method.invoke(Method.java:498) ~[?:1.8.0_221]
	at sun.reflect.misc.MethodUtil.invoke(MethodUtil.java:275) ~[?:1.8.0_221]
	at javafx.fxml.FXMLLoader$MethodHandler.invoke(FXMLLoader.java:1771) ~[jfxrt.jar:?]
	at javafx.fxml.FXMLLoader$ControllerMethodEventHandler.handle(FXMLLoader.java:1657) ~[jfxrt.jar:?]
	at com.sun.javafx.event.CompositeEventHandler.dispatchBubblingEvent(CompositeEventHandler.java:86) ~[jfxrt.jar:?]
	at com.sun.javafx.event.EventHandlerManager.dispatchBubblingEvent(EventHandlerManager.java:238) ~[jfxrt.jar:?]
	at com.sun.javafx.event.EventHandlerManager.dispatchBubblingEvent(EventHandlerManager.java:191) ~[jfxrt.jar:?]
	at com.sun.javafx.event.CompositeEventDispatcher.dispatchBubblingEvent(CompositeEventDispatcher.java:59) ~[jfxrt.jar:?]
	at com.sun.javafx.event.BasicEventDispatcher.dispatchEvent(BasicEventDispatcher.java:58) ~[jfxrt.jar:?]
	at com.sun.javafx.event.EventDispatchChainImpl.dispatchEvent(EventDispatchChainImpl.java:114) ~[jfxrt.jar:?]
	at com.sun.javafx.event.BasicEventDispatcher.dispatchEvent(BasicEventDispatcher.java:56) ~[jfxrt.jar:?]
	at com.sun.javafx.event.EventDispatchChainImpl.dispatchEvent(EventDispatchChainImpl.java:114) ~[jfxrt.jar:?]
	at com.sun.javafx.event.BasicEventDispatcher.dispatchEvent(BasicEventDispatcher.java:56) ~[jfxrt.jar:?]
	at com.sun.javafx.event.EventDispatchChainImpl.dispatchEvent(EventDispatchChainImpl.java:114) ~[jfxrt.jar:?]
	at com.sun.javafx.event.BasicEventDispatcher.dispatchEvent(BasicEventDispatcher.java:56) ~[jfxrt.jar:?]
	at com.sun.javafx.event.EventDispatchChainImpl.dispatchEvent(EventDispatchChainImpl.java:114) ~[jfxrt.jar:?]
	at com.sun.javafx.event.EventUtil.fireEventImpl(EventUtil.java:74) ~[jfxrt.jar:?]
	at com.sun.javafx.event.EventUtil.fireEvent(EventUtil.java:49) ~[jfxrt.jar:?]
	at javafx.event.Event.fireEvent(Event.java:198) ~[jfxrt.jar:?]
	at javafx.scene.Node.fireEvent(Node.java:8411) ~[jfxrt.jar:?]
	at javafx.scene.control.Button.fire(Button.java:185) ~[jfxrt.jar:?]
	at com.sun.javafx.scene.control.behavior.ButtonBehavior.mouseReleased(ButtonBehavior.java:182) ~[jfxrt.jar:?]
	at com.sun.javafx.scene.control.skin.BehaviorSkinBase$1.handle(BehaviorSkinBase.java:96) ~[jfxrt.jar:?]
	at com.sun.javafx.scene.control.skin.BehaviorSkinBase$1.handle(BehaviorSkinBase.java:89) ~[jfxrt.jar:?]
	at com.sun.javafx.event.CompositeEventHandler$NormalEventHandlerRecord.handleBubblingEvent(CompositeEventHandler.java:218) ~[jfxrt.jar:?]
	at com.sun.javafx.event.CompositeEventHandler.dispatchBubblingEvent(CompositeEventHandler.java:80) ~[jfxrt.jar:?]
	at com.sun.javafx.event.EventHandlerManager.dispatchBubblingEvent(EventHandlerManager.java:238) ~[jfxrt.jar:?]
	at com.sun.javafx.event.EventHandlerManager.dispatchBubblingEvent(EventHandlerManager.java:191) ~[jfxrt.jar:?]
	at com.sun.javafx.event.CompositeEventDispatcher.dispatchBubblingEvent(CompositeEventDispatcher.java:59) ~[jfxrt.jar:?]
	at com.sun.javafx.event.BasicEventDispatcher.dispatchEvent(BasicEventDispatcher.java:58) ~[jfxrt.jar:?]
	at com.sun.javafx.event.EventDispatchChainImpl.dispatchEvent(EventDispatchChainImpl.java:114) ~[jfxrt.jar:?]
	at com.sun.javafx.event.BasicEventDispatcher.dispatchEvent(BasicEventDispatcher.java:56) ~[jfxrt.jar:?]
	at com.sun.javafx.event.EventDispatchChainImpl.dispatchEvent(EventDispatchChainImpl.java:114) ~[jfxrt.jar:?]
	at com.sun.javafx.event.BasicEventDispatcher.dispatchEvent(BasicEventDispatcher.java:56) ~[jfxrt.jar:?]
	at com.sun.javafx.event.EventDispatchChainImpl.dispatchEvent(EventDispatchChainImpl.java:114) ~[jfxrt.jar:?]
	at com.sun.javafx.event.BasicEventDispatcher.dispatchEvent(BasicEventDispatcher.java:56) ~[jfxrt.jar:?]
	at com.sun.javafx.event.EventDispatchChainImpl.dispatchEvent(EventDispatchChainImpl.java:114) ~[jfxrt.jar:?]
	at com.sun.javafx.event.EventUtil.fireEventImpl(EventUtil.java:74) ~[jfxrt.jar:?]
	at com.sun.javafx.event.EventUtil.fireEvent(EventUtil.java:54) ~[jfxrt.jar:?]
	at javafx.event.Event.fireEvent(Event.java:198) ~[jfxrt.jar:?]
	at javafx.scene.Scene$MouseHandler.process(Scene.java:3757) ~[jfxrt.jar:?]
	at javafx.scene.Scene$MouseHandler.access$1500(Scene.java:3485) ~[jfxrt.jar:?]
	at javafx.scene.Scene.impl_processMouseEvent(Scene.java:1762) ~[jfxrt.jar:?]
	at javafx.scene.Scene$ScenePeerListener.mouseEvent(Scene.java:2494) ~[jfxrt.jar:?]
	at com.sun.javafx.tk.quantum.GlassViewEventHandler$MouseEventNotification.run(GlassViewEventHandler.java:394) ~[jfxrt.jar:?]
	at com.sun.javafx.tk.quantum.GlassViewEventHandler$MouseEventNotification.run(GlassViewEventHandler.java:295) ~[jfxrt.jar:?]
	at java.security.AccessController.doPrivileged(Native Method) ~[?:1.8.0_221]
	at com.sun.javafx.tk.quantum.GlassViewEventHandler.lambda$handleMouseEvent$2(GlassViewEventHandler.java:432) ~[jfxrt.jar:?]
	at com.sun.javafx.tk.quantum.QuantumToolkit.runWithoutRenderLock(QuantumToolkit.java:410) ~[jfxrt.jar:?]
	at com.sun.javafx.tk.quantum.GlassViewEventHandler.handleMouseEvent(GlassViewEventHandler.java:431) ~[jfxrt.jar:?]
	at com.sun.glass.ui.View.handleMouseEvent(View.java:555) ~[jfxrt.jar:?]
	at com.sun.glass.ui.View.notifyMouse(View.java:937) ~[jfxrt.jar:?]
	at com.sun.glass.ui.win.WinApplication._runLoop(Native Method) ~[jfxrt.jar:?]
	at com.sun.glass.ui.win.WinApplication.lambda$null$3(WinApplication.java:177) ~[jfxrt.jar:?]
	at java.lang.Thread.run(Thread.java:748) [?:1.8.0_221]
Caused by: java.lang.IllegalArgumentException: Can not set java.awt.TextField field com.folva.moderneastculture.controller.SettingsController.tbNewLogin to javafx.scene.control.TextField
	at sun.reflect.UnsafeFieldAccessorImpl.throwSetIllegalArgumentException(UnsafeFieldAccessorImpl.java:167) ~[?:1.8.0_221]
	at sun.reflect.UnsafeFieldAccessorImpl.throwSetIllegalArgumentException(UnsafeFieldAccessorImpl.java:171) ~[?:1.8.0_221]
	at sun.reflect.UnsafeObjectFieldAccessorImpl.set(UnsafeObjectFieldAccessorImpl.java:81) ~[?:1.8.0_221]
	at java.lang.reflect.Field.set(Field.java:764) ~[?:1.8.0_221]
	at javafx.fxml.FXMLLoader.injectFields(FXMLLoader.java:1163) ~[jfxrt.jar:?]
	at javafx.fxml.FXMLLoader.access$1600(FXMLLoader.java:103) ~[jfxrt.jar:?]
	at javafx.fxml.FXMLLoader$ValueElement.processValue(FXMLLoader.java:857) ~[jfxrt.jar:?]
	at javafx.fxml.FXMLLoader$ValueElement.processStartElement(FXMLLoader.java:751) ~[jfxrt.jar:?]
	at javafx.fxml.FXMLLoader.processStartElement(FXMLLoader.java:2707) ~[jfxrt.jar:?]
	at javafx.fxml.FXMLLoader.loadImpl(FXMLLoader.java:2527) ~[jfxrt.jar:?]
	... 78 more
2020.04.17 - 10:51:41.036 [INFO] com.folva.moderneastculture.model.Repository - Database connection is successful.
2020.04.17 - 10:51:42.764 [INFO] com.folva.moderneastculture.controller.MenuController - Admin has logged in!
2020.04.17 - 10:51:47.084 [INFO] com.folva.moderneastculture.controller.MenuController - Admin has logged out!
2020.04.17 - 10:52:36.213 [INFO] com.folva.moderneastculture.model.Repository - Database was successfully disconnected.
2020.04.17 - 10:52:57.013 [INFO] com.folva.moderneastculture.model.Repository - Database connection is successful.
2020.04.17 - 10:57:23.149 [INFO] com.folva.moderneastculture.model.Repository - Database was successfully disconnected.
2020.04.17 - 10:59:43.394 [INFO] com.folva.moderneastculture.model.Repository - Database connection is successful.
2020.04.17 - 11:02:12.036 [INFO] com.folva.moderneastculture.model.Repository - Database was successfully disconnected.
2020.04.17 - 11:25:00.145 [INFO] com.folva.moderneastculture.model.Repository - Database connection is successful.
2020.04.17 - 11:25:00.296 [ERROR] com.folva.moderneastculture.Main - Error while loading menu window
javafx.fxml.LoadException: No resources specified.
/D:/_MyFolder/projects/Java/DifferentStuff/ModernEastCulture/out/production/ModernEastCulture/com/folva/moderneastculture/view/LoginForm.fxml:34
/D:/_MyFolder/projects/Java/DifferentStuff/ModernEastCulture/out/production/ModernEastCulture/com/folva/moderneastculture/view/MenuForm.fxml:9

	at javafx.fxml.FXMLLoader.constructLoadException(FXMLLoader.java:2597) ~[jfxrt.jar:?]
	at javafx.fxml.FXMLLoader.access$100(FXMLLoader.java:103) ~[jfxrt.jar:?]
	at javafx.fxml.FXMLLoader$Element.resolvePrefixedValue(FXMLLoader.java:421) ~[jfxrt.jar:?]
	at javafx.fxml.FXMLLoader$Element.processValue(FXMLLoader.java:363) ~[jfxrt.jar:?]
	at javafx.fxml.FXMLLoader$Element.processPropertyAttribute(FXMLLoader.java:325) ~[jfxrt.jar:?]
	at javafx.fxml.FXMLLoader$Element.processInstancePropertyAttributes(FXMLLoader.java:235) ~[jfxrt.jar:?]
	at javafx.fxml.FXMLLoader$ValueElement.processEndElement(FXMLLoader.java:767) ~[jfxrt.jar:?]
	at javafx.fxml.FXMLLoader.processEndElement(FXMLLoader.java:2823) ~[jfxrt.jar:?]
	at javafx.fxml.FXMLLoader.loadImpl(FXMLLoader.java:2532) ~[jfxrt.jar:?]
	at javafx.fxml.FXMLLoader.loadImpl(FXMLLoader.java:2441) ~[jfxrt.jar:?]
	at javafx.fxml.FXMLLoader.access$2700(FXMLLoader.java:103) ~[jfxrt.jar:?]
	at javafx.fxml.FXMLLoader$IncludeElement.constructValue(FXMLLoader.java:1143) ~[jfxrt.jar:?]
	at javafx.fxml.FXMLLoader$ValueElement.processStartElement(FXMLLoader.java:746) ~[jfxrt.jar:?]
	at javafx.fxml.FXMLLoader.processStartElement(FXMLLoader.java:2707) ~[jfxrt.jar:?]
	at javafx.fxml.FXMLLoader.loadImpl(FXMLLoader.java:2527) ~[jfxrt.jar:?]
	at javafx.fxml.FXMLLoader.loadImpl(FXMLLoader.java:2441) ~[jfxrt.jar:?]
	at javafx.fxml.FXMLLoader.loadImpl(FXMLLoader.java:3214) ~[jfxrt.jar:?]
	at javafx.fxml.FXMLLoader.loadImpl(FXMLLoader.java:3175) ~[jfxrt.jar:?]
	at javafx.fxml.FXMLLoader.loadImpl(FXMLLoader.java:3148) ~[jfxrt.jar:?]
	at javafx.fxml.FXMLLoader.loadImpl(FXMLLoader.java:3124) ~[jfxrt.jar:?]
	at javafx.fxml.FXMLLoader.loadImpl(FXMLLoader.java:3104) ~[jfxrt.jar:?]
	at javafx.fxml.FXMLLoader.load(FXMLLoader.java:3097) ~[jfxrt.jar:?]
	at com.folva.moderneastculture.Main.runMenuForm(Main.java:107) ~[ModernEastCulture/:?]
	at com.folva.moderneastculture.Main.start(Main.java:55) ~[ModernEastCulture/:?]
	at com.sun.javafx.application.LauncherImpl.lambda$launchApplication1$8(LauncherImpl.java:863) ~[jfxrt.jar:?]
	at com.sun.javafx.application.PlatformImpl.lambda$runAndWait$7(PlatformImpl.java:326) ~[jfxrt.jar:?]
	at com.sun.javafx.application.PlatformImpl.lambda$null$5(PlatformImpl.java:295) ~[jfxrt.jar:?]
	at java.security.AccessController.doPrivileged(Native Method) ~[?:1.8.0_221]
	at com.sun.javafx.application.PlatformImpl.lambda$runLater$6(PlatformImpl.java:294) ~[jfxrt.jar:?]
	at com.sun.glass.ui.InvokeLaterDispatcher$Future.run(InvokeLaterDispatcher.java:95) ~[jfxrt.jar:?]
	at com.sun.glass.ui.win.WinApplication._runLoop(Native Method) ~[jfxrt.jar:?]
	at com.sun.glass.ui.win.WinApplication.lambda$null$3(WinApplication.java:177) ~[jfxrt.jar:?]
	at java.lang.Thread.run(Thread.java:748) [?:1.8.0_221]
2020.04.17 - 11:26:11.291 [INFO] com.folva.moderneastculture.model.Repository - Database connection is successful.
2020.04.17 - 11:26:25.607 [INFO] com.folva.moderneastculture.model.Repository - Database was successfully disconnected.
2020.04.17 - 11:34:10.882 [INFO] com.folva.moderneastculture.model.Repository - Database connection is successful.
2020.04.17 - 11:34:13.392 [INFO] com.folva.moderneastculture.model.Repository - Database was successfully disconnected.
2020.04.17 - 11:34:40.502 [INFO] com.folva.moderneastculture.model.Repository - Database connection is successful.
2020.04.17 - 11:34:44.868 [INFO] com.folva.moderneastculture.model.Repository - Database was successfully disconnected.
2020.04.17 - 11:37:59.324 [INFO] com.folva.moderneastculture.model.Repository - Database connection is successful.
2020.04.17 - 11:38:01.703 [INFO] com.folva.moderneastculture.model.Repository - Database was successfully disconnected.
2020.04.17 - 11:38:17.611 [INFO] com.folva.moderneastculture.model.Repository - Database connection is successful.
2020.04.17 - 11:38:19.511 [INFO] com.folva.moderneastculture.model.Repository - Database was successfully disconnected.
2020.04.17 - 11:39:03.531 [INFO] com.folva.moderneastculture.model.Repository - Database connection is successful.
2020.04.17 - 11:39:05.741 [INFO] com.folva.moderneastculture.model.Repository - Database was successfully disconnected.
2020.04.17 - 11:45:02.159 [INFO] com.folva.moderneastculture.model.Repository - Database connection is successful.
2020.04.17 - 11:45:13.397 [INFO] com.folva.moderneastculture.model.Repository - Database was successfully disconnected.
2020.04.17 - 11:45:54.951 [INFO] com.folva.moderneastculture.model.Repository - Database connection is successful.
2020.04.17 - 11:45:58.669 [INFO] com.folva.moderneastculture.model.Repository - Database was successfully disconnected.
2020.04.17 - 11:46:08.893 [INFO] com.folva.moderneastculture.model.Repository - Database connection is successful.
2020.04.17 - 11:46:28.062 [INFO] com.folva.moderneastculture.model.Repository - Database was successfully disconnected.
2020.04.17 - 11:47:07.059 [INFO] com.folva.moderneastculture.model.Repository - Database connection is successful.
2020.04.17 - 11:47:13.524 [INFO] com.folva.moderneastculture.controller.MenuController - Admin has logged in!
2020.04.17 - 11:47:16.802 [INFO] com.folva.moderneastculture.controller.MenuController - Admin has logged out!
2020.04.17 - 11:47:19.017 [INFO] com.folva.moderneastculture.model.Repository - Database was successfully disconnected.
